<?xml version="1.0" encoding="UTF-8"?>
<testsuite xmlns:xsi="http://www.w3.org/2001/XMLSchema-instance" xsi:noNamespaceSchemaLocation="https://maven.apache.org/surefire/maven-surefire-plugin/xsd/surefire-test-report-3.0.xsd" version="3.0" name="com.taskmanager.repository.TaskRepositoryTest" time="6.391" tests="2" errors="0" skipped="0" failures="0">
  <properties>
[...]
</properties>
  <testcase name="testFindByUserId" classname="com.taskmanager.repository.TaskRepositoryTest" time="0.469">
    <system-out><![CDATA[2026-06-14T15:26:40.195+05:30  INFO 10696 --- [           main] t.c.s.AnnotationConfigContextLoaderUtils : Could not detect default configuration classes for test class [com.taskmanager.repository.TaskRepositoryTest]: TaskRepositoryTest does not declare any static, non-private, non-final, nested classes annotated with @Configuration.
2026-06-14T15:26:40.337+05:30  INFO 10696 --- [           main] .b.t.c.SpringBootTestContextBootstrapper : Found @SpringBootConfiguration com.taskmanager.TaskApplication for test class com.taskmanager.repository.TaskRepositoryTest
  .   ____          _            __ _ _
 /\\ / ___'_ __ _ _(_)_ __  __ _ \ \ \ \
( ( )\___ | '_ | '_| | '_ \/ _` | \ \ \ \
 \\/  ___)| |_)| | | | | || (_| |  ) ) ) )
  '  |____| .__|_| |_|_| |_\__, | / / / /
 =========|_|==============|___/=/_/_/_/

 :: Spring Boot ::                (v3.3.0)

2026-06-14T15:26:40.507+05:30  INFO 10696 --- [           main] c.t.repository.TaskRepositoryTest        : Starting TaskRepositoryTest using Java 23 with PID 10696 (started by dell in D:\Task Management API\backend)
2026-06-14T15:26:40.507+05:30  INFO 10696 --- [           main] c.t.repository.TaskRepositoryTest        : No active profile set, falling back to 1 default profile: "default"
2026-06-14T15:26:41.058+05:30  INFO 10696 --- [           main] .s.d.r.c.RepositoryConfigurationDelegate : Bootstrapping Spring Data JPA repositories in DEFAULT mode.
2026-06-14T15:26:41.241+05:30  INFO 10696 --- [           main] .s.d.r.c.RepositoryConfigurationDelegate : Finished Spring Data repository scanning in 160 ms. Found 4 JPA repository interfaces.
2026-06-14T15:26:41.355+05:30  INFO 10696 --- [           main] beddedDataSourceBeanFactoryPostProcessor : Replacing 'dataSource' DataSource bean with embedded version
2026-06-14T15:26:41.523+05:30  INFO 10696 --- [           main] o.s.j.d.e.EmbeddedDatabaseFactory        : Starting embedded database: url='jdbc:h2:mem:279a0faf-d1ae-42e2-8960-d0f50692e9f1;DB_CLOSE_DELAY=-1;DB_CLOSE_ON_EXIT=false', username='sa'
2026-06-14T15:26:42.203+05:30  INFO 10696 --- [           main] o.hibernate.jpa.internal.util.LogHelper  : HHH000204: Processing PersistenceUnitInfo [name: default]
2026-06-14T15:26:42.415+05:30  INFO 10696 --- [           main] org.hibernate.Version                    : HHH000412: Hibernate ORM core version 6.5.2.Final
2026-06-14T15:26:42.475+05:30  INFO 10696 --- [           main] o.h.c.internal.RegionFactoryInitiator    : HHH000026: Second-level cache disabled
2026-06-14T15:26:42.688+05:30  INFO 10696 --- [           main] o.s.o.j.p.SpringPersistenceUnitInfo      : No LoadTimeWeaver setup: ignoring JPA class transformer
2026-06-14T15:26:42.769+05:30  WARN 10696 --- [           main] org.hibernate.orm.deprecation            : HHH90000025: H2Dialect does not need to be specified explicitly using 'hibernate.dialect' (remove the property setting and it will be selected by default)
2026-06-14T15:26:44.076+05:30  INFO 10696 --- [           main] o.h.e.t.j.p.i.JtaPlatformInitiator       : HHH000489: No JTA platform available (set 'hibernate.transaction.jta.platform' to enable JTA platform integration)
Hibernate: 
    drop table if exists notifications cascade 
Hibernate: 
    drop table if exists password_reset_tokens cascade 
Hibernate: 
    drop table if exists tasks cascade 
Hibernate: 
    drop table if exists users cascade 
Hibernate: 
    create table notifications (
        is_read boolean not null,
        created_at timestamp(6) not null,
        id bigint generated by default as identity,
        user_id bigint not null,
        message varchar(255) not null,
        title varchar(255) not null,
        type enum ('COMPLETED','CREATED','DEADLINE_APPROACHING','DELETED','LOGIN','OVERDUE','UPDATED') not null,
        primary key (id)
    )
Hibernate: 
    create table password_reset_tokens (
        expiry_date timestamp(6) not null,
        id bigint generated by default as identity,
        user_id bigint not null,
        token varchar(255) not null unique,
        primary key (id)
    )
Hibernate: 
    create table tasks (
        due_date date,
        created_at timestamp(6) not null,
        id bigint generated by default as identity,
        updated_at timestamp(6),
        user_id bigint not null,
        description TEXT,
        title varchar(255) not null,
        priority enum ('HIGH','LOW','MEDIUM') not null,
        status enum ('COMPLETED','IN_PROGRESS','PENDING') not null,
        primary key (id)
    )
Hibernate: 
    create table users (
        created_at timestamp(6) not null,
        id bigint generated by default as identity,
        email varchar(255) not null unique,
        name varchar(255) not null,
        password varchar(255) not null,
        role enum ('ADMIN','USER') not null,
        primary key (id)
    )
Hibernate: 
    alter table if exists notifications 
       add constraint FK9y21adhxn0ayjhfocscqox7bh 
       foreign key (user_id) 
       references users
Hibernate: 
    alter table if exists password_reset_tokens 
       add constraint FKk3ndxg5xp6v7wd4gjyusp15gq 
       foreign key (user_id) 
       references users
Hibernate: 
    alter table if exists tasks 
       add constraint FK6s1ob9k4ihi75xbxe2w0ylsdh 
       foreign key (user_id) 
       references users
2026-06-14T15:26:44.156+05:30  INFO 10696 --- [           main] j.LocalContainerEntityManagerFactoryBean : Initialized JPA EntityManagerFactory for persistence unit 'default'
2026-06-14T15:26:44.767+05:30  INFO 10696 --- [           main] o.s.d.j.r.query.QueryEnhancerFactory     : Hibernate is in classpath; If applicable, HQL parser will be used.
2026-06-14T15:26:46.054+05:30  INFO 10696 --- [           main] c.t.repository.TaskRepositoryTest        : Started TaskRepositoryTest in 5.696 seconds (process running for 19.371)
Hibernate: 
    insert 
    into
        users
        (created_at, email, name, password, role, id) 
    values
        (?, ?, ?, ?, ?, default)
Hibernate: 
    insert 
    into
        tasks
        (created_at, description, due_date, priority, status, title, updated_at, user_id, id) 
    values
        (?, ?, ?, ?, ?, ?, ?, ?, default)
Hibernate: 
    insert 
    into
        tasks
        (created_at, description, due_date, priority, status, title, updated_at, user_id, id) 
    values
        (?, ?, ?, ?, ?, ?, ?, ?, default)
Hibernate: 
    select
        t1_0.id,
        t1_0.created_at,
        t1_0.description,
        t1_0.due_date,
        t1_0.priority,
        t1_0.status,
        t1_0.title,
        t1_0.updated_at,
        t1_0.user_id 
    from
        tasks t1_0 
    where
        t1_0.user_id=? 
    offset
        ? rows 
    fetch
        first ? rows only
]]></system-out>
  </testcase>
  <testcase name="testSaveAndFindTask" classname="com.taskmanager.repository.TaskRepositoryTest" time="0.027">
    <system-out><![CDATA[Hibernate: 
    insert 
    into
        users
        (created_at, email, name, password, role, id) 
    values
        (?, ?, ?, ?, ?, default)
Hibernate: 
    insert 
    into
        tasks
        (created_at, description, due_date, priority, status, title, updated_at, user_id, id) 
    values
        (?, ?, ?, ?, ?, ?, ?, ?, default)
]]></system-out>
  </testcase>
</testsuite>